<?xml version="1.0" encoding="UTF-8"?>
<testsuite name="org.example.CourseStatusTest" tests="2" skipped="0" failures="0" errors="0" timestamp="2023-03-07T16:42:57" hostname="abhay" time="0.062">
  <properties/>
  <testcase name="statuscheckfalse()" classname="org.example.CourseStatusTest" time="0.028"/>
  <testcase name="statuschecktrue()" classname="org.example.CourseStatusTest" time="0.033"/>
  <system-out><![CDATA[ course status ----------------Pending Advisor apprval
]]></system-out>
  <system-err><![CDATA[]]></system-err>
</testsuite>
