<?xml version="1.0" encoding="UTF-8"?>
<testsuite name="org.example.MainTest" tests="13" skipped="0" failures="3" errors="0" timestamp="2023-03-07T16:42:57" hostname="abhay" time="1.988">
  <properties/>
  <testcase name="Academics33()" classname="org.example.MainTest" time="0.104">
    <failure message="java.lang.NumberFormatException: null" type="java.lang.NumberFormatException">java.lang.NumberFormatException: null
	at java.lang.Integer.parseInt(Integer.java:542)
	at java.lang.Integer.parseInt(Integer.java:615)
	at org.example.Main.main(Main.java:317)
	at org.example.MainTest.Academics33(MainTest.java:92)
	at sun.reflect.NativeMethodAccessorImpl.invoke0(Native Method)
	at sun.reflect.NativeMethodAccessorImpl.invoke(NativeMethodAccessorImpl.java:62)
	at sun.reflect.DelegatingMethodAccessorImpl.invoke(DelegatingMethodAccessorImpl.java:43)
	at java.lang.reflect.Method.invoke(Method.java:498)
	at org.junit.platform.commons.util.ReflectionUtils.invokeMethod(ReflectionUtils.java:725)
	at org.junit.jupiter.engine.execution.MethodInvocation.proceed(MethodInvocation.java:60)
	at org.junit.jupiter.engine.execution.InvocationInterceptorChain$ValidatingInvocation.proceed(InvocationInterceptorChain.java:131)
	at org.junit.jupiter.engine.extension.TimeoutExtension.intercept(TimeoutExtension.java:149)
	at org.junit.jupiter.engine.extension.TimeoutExtension.interceptTestableMethod(TimeoutExtension.java:140)
	at org.junit.jupiter.engine.extension.TimeoutExtension.interceptTestMethod(TimeoutExtension.java:84)
	at org.junit.jupiter.engine.execution.ExecutableInvoker$ReflectiveInterceptorCall.lambda$ofVoidMethod$0(ExecutableInvoker.java:115)
	at org.junit.jupiter.engine.execution.ExecutableInvoker.lambda$invoke$0(ExecutableInvoker.java:105)
	at org.junit.jupiter.engine.execution.InvocationInterceptorChain$InterceptedInvocation.proceed(InvocationInterceptorChain.java:106)
	at org.junit.jupiter.engine.execution.InvocationInterceptorChain.proceed(InvocationInterceptorChain.java:64)
	at org.junit.jupiter.engine.execution.InvocationInterceptorChain.chainAndInvoke(InvocationInterceptorChain.java:45)
	at org.junit.jupiter.engine.execution.InvocationInterceptorChain.invoke(InvocationInterceptorChain.java:37)
	at org.junit.jupiter.engine.execution.ExecutableInvoker.invoke(ExecutableInvoker.java:104)
	at org.junit.jupiter.engine.execution.ExecutableInvoker.invoke(ExecutableInvoker.java:98)
	at org.junit.jupiter.engine.descriptor.TestMethodTestDescriptor.lambda$invokeTestMethod$7(TestMethodTestDescriptor.java:214)
	at org.junit.platform.engine.support.hierarchical.ThrowableCollector.execute(ThrowableCollector.java:73)
	at org.junit.jupiter.engine.descriptor.TestMethodTestDescriptor.invokeTestMethod(TestMethodTestDescriptor.java:210)
	at org.junit.jupiter.engine.descriptor.TestMethodTestDescriptor.execute(TestMethodTestDescriptor.java:135)
	at org.junit.jupiter.engine.descriptor.TestMethodTestDescriptor.execute(TestMethodTestDescriptor.java:66)
	at org.junit.platform.engine.support.hierarchical.NodeTestTask.lambda$executeRecursively$6(NodeTestTask.java:151)
	at org.junit.platform.engine.support.hierarchical.ThrowableCollector.execute(ThrowableCollector.java:73)
	at org.junit.platform.engine.support.hierarchical.NodeTestTask.lambda$executeRecursively$8(NodeTestTask.java:141)
	at org.junit.platform.engine.support.hierarchical.Node.around(Node.java:137)
	at org.junit.platform.engine.support.hierarchical.NodeTestTask.lambda$executeRecursively$9(NodeTestTask.java:139)
	at org.junit.platform.engine.support.hierarchical.ThrowableCollector.execute(ThrowableCollector.java:73)
	at org.junit.platform.engine.support.hierarchical.NodeTestTask.executeRecursively(NodeTestTask.java:138)
	at org.junit.platform.engine.support.hierarchical.NodeTestTask.execute(NodeTestTask.java:95)
	at java.util.ArrayList.forEach(ArrayList.java:1259)
	at org.junit.platform.engine.support.hierarchical.SameThreadHierarchicalTestExecutorService.invokeAll(SameThreadHierarchicalTestExecutorService.java:41)
	at org.junit.platform.engine.support.hierarchical.NodeTestTask.lambda$executeRecursively$6(NodeTestTask.java:155)
	at org.junit.platform.engine.support.hierarchical.ThrowableCollector.execute(ThrowableCollector.java:73)
	at org.junit.platform.engine.support.hierarchical.NodeTestTask.lambda$executeRecursively$8(NodeTestTask.java:141)
	at org.junit.platform.engine.support.hierarchical.Node.around(Node.java:137)
	at org.junit.platform.engine.support.hierarchical.NodeTestTask.lambda$executeRecursively$9(NodeTestTask.java:139)
	at org.junit.platform.engine.support.hierarchical.ThrowableCollector.execute(ThrowableCollector.java:73)
	at org.junit.platform.engine.support.hierarchical.NodeTestTask.executeRecursively(NodeTestTask.java:138)
	at org.junit.platform.engine.support.hierarchical.NodeTestTask.execute(NodeTestTask.java:95)
	at java.util.ArrayList.forEach(ArrayList.java:1259)
	at org.junit.platform.engine.support.hierarchical.SameThreadHierarchicalTestExecutorService.invokeAll(SameThreadHierarchicalTestExecutorService.java:41)
	at org.junit.platform.engine.support.hierarchical.NodeTestTask.lambda$executeRecursively$6(NodeTestTask.java:155)
	at org.junit.platform.engine.support.hierarchical.ThrowableCollector.execute(ThrowableCollector.java:73)
	at org.junit.platform.engine.support.hierarchical.NodeTestTask.lambda$executeRecursively$8(NodeTestTask.java:141)
	at org.junit.platform.engine.support.hierarchical.Node.around(Node.java:137)
	at org.junit.platform.engine.support.hierarchical.NodeTestTask.lambda$executeRecursively$9(NodeTestTask.java:139)
	at org.junit.platform.engine.support.hierarchical.ThrowableCollector.execute(ThrowableCollector.java:73)
	at org.junit.platform.engine.support.hierarchical.NodeTestTask.executeRecursively(NodeTestTask.java:138)
	at org.junit.platform.engine.support.hierarchical.NodeTestTask.execute(NodeTestTask.java:95)
	at org.junit.platform.engine.support.hierarchical.SameThreadHierarchicalTestExecutorService.submit(SameThreadHierarchicalTestExecutorService.java:35)
	at org.junit.platform.engine.support.hierarchical.HierarchicalTestExecutor.execute(HierarchicalTestExecutor.java:57)
	at org.junit.platform.engine.support.hierarchical.HierarchicalTestEngine.execute(HierarchicalTestEngine.java:54)
	at org.junit.platform.launcher.core.EngineExecutionOrchestrator.execute(EngineExecutionOrchestrator.java:107)
	at org.junit.platform.launcher.core.EngineExecutionOrchestrator.execute(EngineExecutionOrchestrator.java:88)
	at org.junit.platform.launcher.core.EngineExecutionOrchestrator.lambda$execute$0(EngineExecutionOrchestrator.java:54)
	at org.junit.platform.launcher.core.EngineExecutionOrchestrator.withInterceptedStreams(EngineExecutionOrchestrator.java:67)
	at org.junit.platform.launcher.core.EngineExecutionOrchestrator.execute(EngineExecutionOrchestrator.java:52)
	at org.junit.platform.launcher.core.DefaultLauncher.execute(DefaultLauncher.java:114)
	at org.junit.platform.launcher.core.DefaultLauncher.execute(DefaultLauncher.java:86)
	at org.junit.platform.launcher.core.DefaultLauncherSession$DelegatingLauncher.execute(DefaultLauncherSession.java:86)
	at org.junit.platform.launcher.core.SessionPerRequestLauncher.execute(SessionPerRequestLauncher.java:53)
	at org.gradle.api.internal.tasks.testing.junitplatform.JUnitPlatformTestClassProcessor$CollectAllTestClassesExecutor.processAllTestClasses(JUnitPlatformTestClassProcessor.java:99)
	at org.gradle.api.internal.tasks.testing.junitplatform.JUnitPlatformTestClassProcessor$CollectAllTestClassesExecutor.access$000(JUnitPlatformTestClassProcessor.java:79)
	at org.gradle.api.internal.tasks.testing.junitplatform.JUnitPlatformTestClassProcessor.stop(JUnitPlatformTestClassProcessor.java:75)
	at org.gradle.api.internal.tasks.testing.SuiteTestClassProcessor.stop(SuiteTestClassProcessor.java:61)
	at sun.reflect.NativeMethodAccessorImpl.invoke0(Native Method)
	at sun.reflect.NativeMethodAccessorImpl.invoke(NativeMethodAccessorImpl.java:62)
	at sun.reflect.DelegatingMethodAccessorImpl.invoke(DelegatingMethodAccessorImpl.java:43)
	at java.lang.reflect.Method.invoke(Method.java:498)
	at org.gradle.internal.dispatch.ReflectionDispatch.dispatch(ReflectionDispatch.java:36)
	at org.gradle.internal.dispatch.ReflectionDispatch.dispatch(ReflectionDispatch.java:24)
	at org.gradle.internal.dispatch.ContextClassLoaderDispatch.dispatch(ContextClassLoaderDispatch.java:33)
	at org.gradle.internal.dispatch.ProxyDispatchAdapter$DispatchingInvocationHandler.invoke(ProxyDispatchAdapter.java:94)
	at com.sun.proxy.$Proxy2.stop(Unknown Source)
	at org.gradle.api.internal.tasks.testing.worker.TestWorker$3.run(TestWorker.java:193)
	at org.gradle.api.internal.tasks.testing.worker.TestWorker.executeAndMaintainThreadName(TestWorker.java:129)
	at org.gradle.api.internal.tasks.testing.worker.TestWorker.execute(TestWorker.java:100)
	at org.gradle.api.internal.tasks.testing.worker.TestWorker.execute(TestWorker.java:60)
	at org.gradle.process.internal.worker.child.ActionExecutionWorker.execute(ActionExecutionWorker.java:56)
	at org.gradle.process.internal.worker.child.SystemApplicationClassLoaderWorker.call(SystemApplicationClassLoaderWorker.java:133)
	at org.gradle.process.internal.worker.child.SystemApplicationClassLoaderWorker.call(SystemApplicationClassLoaderWorker.java:71)
	at worker.org.gradle.process.internal.worker.GradleWorkerMain.run(GradleWorkerMain.java:69)
	at worker.org.gradle.process.internal.worker.GradleWorkerMain.main(GradleWorkerMain.java:74)
</failure>
  </testcase>
  <testcase name="Academics1()" classname="org.example.MainTest" time="0.386">
    <failure message="java.util.NoSuchElementException" type="java.util.NoSuchElementException">java.util.NoSuchElementException
	at java.util.Scanner.throwFor(Scanner.java:862)
	at java.util.Scanner.next(Scanner.java:1485)
	at java.util.Scanner.nextInt(Scanner.java:2117)
	at java.util.Scanner.nextInt(Scanner.java:2076)
	at org.example.Main.main(Main.java:325)
	at org.example.MainTest.Academics1(MainTest.java:76)
	at sun.reflect.NativeMethodAccessorImpl.invoke0(Native Method)
	at sun.reflect.NativeMethodAccessorImpl.invoke(NativeMethodAccessorImpl.java:62)
	at sun.reflect.DelegatingMethodAccessorImpl.invoke(DelegatingMethodAccessorImpl.java:43)
	at java.lang.reflect.Method.invoke(Method.java:498)
	at org.junit.platform.commons.util.ReflectionUtils.invokeMethod(ReflectionUtils.java:725)
	at org.junit.jupiter.engine.execution.MethodInvocation.proceed(MethodInvocation.java:60)
	at org.junit.jupiter.engine.execution.InvocationInterceptorChain$ValidatingInvocation.proceed(InvocationInterceptorChain.java:131)
	at org.junit.jupiter.engine.extension.TimeoutExtension.intercept(TimeoutExtension.java:149)
	at org.junit.jupiter.engine.extension.TimeoutExtension.interceptTestableMethod(TimeoutExtension.java:140)
	at org.junit.jupiter.engine.extension.TimeoutExtension.interceptTestMethod(TimeoutExtension.java:84)
	at org.junit.jupiter.engine.execution.ExecutableInvoker$ReflectiveInterceptorCall.lambda$ofVoidMethod$0(ExecutableInvoker.java:115)
	at org.junit.jupiter.engine.execution.ExecutableInvoker.lambda$invoke$0(ExecutableInvoker.java:105)
	at org.junit.jupiter.engine.execution.InvocationInterceptorChain$InterceptedInvocation.proceed(InvocationInterceptorChain.java:106)
	at org.junit.jupiter.engine.execution.InvocationInterceptorChain.proceed(InvocationInterceptorChain.java:64)
	at org.junit.jupiter.engine.execution.InvocationInterceptorChain.chainAndInvoke(InvocationInterceptorChain.java:45)
	at org.junit.jupiter.engine.execution.InvocationInterceptorChain.invoke(InvocationInterceptorChain.java:37)
	at org.junit.jupiter.engine.execution.ExecutableInvoker.invoke(ExecutableInvoker.java:104)
	at org.junit.jupiter.engine.execution.ExecutableInvoker.invoke(ExecutableInvoker.java:98)
	at org.junit.jupiter.engine.descriptor.TestMethodTestDescriptor.lambda$invokeTestMethod$7(TestMethodTestDescriptor.java:214)
	at org.junit.platform.engine.support.hierarchical.ThrowableCollector.execute(ThrowableCollector.java:73)
	at org.junit.jupiter.engine.descriptor.TestMethodTestDescriptor.invokeTestMethod(TestMethodTestDescriptor.java:210)
	at org.junit.jupiter.engine.descriptor.TestMethodTestDescriptor.execute(TestMethodTestDescriptor.java:135)
	at org.junit.jupiter.engine.descriptor.TestMethodTestDescriptor.execute(TestMethodTestDescriptor.java:66)
	at org.junit.platform.engine.support.hierarchical.NodeTestTask.lambda$executeRecursively$6(NodeTestTask.java:151)
	at org.junit.platform.engine.support.hierarchical.ThrowableCollector.execute(ThrowableCollector.java:73)
	at org.junit.platform.engine.support.hierarchical.NodeTestTask.lambda$executeRecursively$8(NodeTestTask.java:141)
	at org.junit.platform.engine.support.hierarchical.Node.around(Node.java:137)
	at org.junit.platform.engine.support.hierarchical.NodeTestTask.lambda$executeRecursively$9(NodeTestTask.java:139)
	at org.junit.platform.engine.support.hierarchical.ThrowableCollector.execute(ThrowableCollector.java:73)
	at org.junit.platform.engine.support.hierarchical.NodeTestTask.executeRecursively(NodeTestTask.java:138)
	at org.junit.platform.engine.support.hierarchical.NodeTestTask.execute(NodeTestTask.java:95)
	at java.util.ArrayList.forEach(ArrayList.java:1259)
	at org.junit.platform.engine.support.hierarchical.SameThreadHierarchicalTestExecutorService.invokeAll(SameThreadHierarchicalTestExecutorService.java:41)
	at org.junit.platform.engine.support.hierarchical.NodeTestTask.lambda$executeRecursively$6(NodeTestTask.java:155)
	at org.junit.platform.engine.support.hierarchical.ThrowableCollector.execute(ThrowableCollector.java:73)
	at org.junit.platform.engine.support.hierarchical.NodeTestTask.lambda$executeRecursively$8(NodeTestTask.java:141)
	at org.junit.platform.engine.support.hierarchical.Node.around(Node.java:137)
	at org.junit.platform.engine.support.hierarchical.NodeTestTask.lambda$executeRecursively$9(NodeTestTask.java:139)
	at org.junit.platform.engine.support.hierarchical.ThrowableCollector.execute(ThrowableCollector.java:73)
	at org.junit.platform.engine.support.hierarchical.NodeTestTask.executeRecursively(NodeTestTask.java:138)
	at org.junit.platform.engine.support.hierarchical.NodeTestTask.execute(NodeTestTask.java:95)
	at java.util.ArrayList.forEach(ArrayList.java:1259)
	at org.junit.platform.engine.support.hierarchical.SameThreadHierarchicalTestExecutorService.invokeAll(SameThreadHierarchicalTestExecutorService.java:41)
	at org.junit.platform.engine.support.hierarchical.NodeTestTask.lambda$executeRecursively$6(NodeTestTask.java:155)
	at org.junit.platform.engine.support.hierarchical.ThrowableCollector.execute(ThrowableCollector.java:73)
	at org.junit.platform.engine.support.hierarchical.NodeTestTask.lambda$executeRecursively$8(NodeTestTask.java:141)
	at org.junit.platform.engine.support.hierarchical.Node.around(Node.java:137)
	at org.junit.platform.engine.support.hierarchical.NodeTestTask.lambda$executeRecursively$9(NodeTestTask.java:139)
	at org.junit.platform.engine.support.hierarchical.ThrowableCollector.execute(ThrowableCollector.java:73)
	at org.junit.platform.engine.support.hierarchical.NodeTestTask.executeRecursively(NodeTestTask.java:138)
	at org.junit.platform.engine.support.hierarchical.NodeTestTask.execute(NodeTestTask.java:95)
	at org.junit.platform.engine.support.hierarchical.SameThreadHierarchicalTestExecutorService.submit(SameThreadHierarchicalTestExecutorService.java:35)
	at org.junit.platform.engine.support.hierarchical.HierarchicalTestExecutor.execute(HierarchicalTestExecutor.java:57)
	at org.junit.platform.engine.support.hierarchical.HierarchicalTestEngine.execute(HierarchicalTestEngine.java:54)
	at org.junit.platform.launcher.core.EngineExecutionOrchestrator.execute(EngineExecutionOrchestrator.java:107)
	at org.junit.platform.launcher.core.EngineExecutionOrchestrator.execute(EngineExecutionOrchestrator.java:88)
	at org.junit.platform.launcher.core.EngineExecutionOrchestrator.lambda$execute$0(EngineExecutionOrchestrator.java:54)
	at org.junit.platform.launcher.core.EngineExecutionOrchestrator.withInterceptedStreams(EngineExecutionOrchestrator.java:67)
	at org.junit.platform.launcher.core.EngineExecutionOrchestrator.execute(EngineExecutionOrchestrator.java:52)
	at org.junit.platform.launcher.core.DefaultLauncher.execute(DefaultLauncher.java:114)
	at org.junit.platform.launcher.core.DefaultLauncher.execute(DefaultLauncher.java:86)
	at org.junit.platform.launcher.core.DefaultLauncherSession$DelegatingLauncher.execute(DefaultLauncherSession.java:86)
	at org.junit.platform.launcher.core.SessionPerRequestLauncher.execute(SessionPerRequestLauncher.java:53)
	at org.gradle.api.internal.tasks.testing.junitplatform.JUnitPlatformTestClassProcessor$CollectAllTestClassesExecutor.processAllTestClasses(JUnitPlatformTestClassProcessor.java:99)
	at org.gradle.api.internal.tasks.testing.junitplatform.JUnitPlatformTestClassProcessor$CollectAllTestClassesExecutor.access$000(JUnitPlatformTestClassProcessor.java:79)
	at org.gradle.api.internal.tasks.testing.junitplatform.JUnitPlatformTestClassProcessor.stop(JUnitPlatformTestClassProcessor.java:75)
	at org.gradle.api.internal.tasks.testing.SuiteTestClassProcessor.stop(SuiteTestClassProcessor.java:61)
	at sun.reflect.NativeMethodAccessorImpl.invoke0(Native Method)
	at sun.reflect.NativeMethodAccessorImpl.invoke(NativeMethodAccessorImpl.java:62)
	at sun.reflect.DelegatingMethodAccessorImpl.invoke(DelegatingMethodAccessorImpl.java:43)
	at java.lang.reflect.Method.invoke(Method.java:498)
	at org.gradle.internal.dispatch.ReflectionDispatch.dispatch(ReflectionDispatch.java:36)
	at org.gradle.internal.dispatch.ReflectionDispatch.dispatch(ReflectionDispatch.java:24)
	at org.gradle.internal.dispatch.ContextClassLoaderDispatch.dispatch(ContextClassLoaderDispatch.java:33)
	at org.gradle.internal.dispatch.ProxyDispatchAdapter$DispatchingInvocationHandler.invoke(ProxyDispatchAdapter.java:94)
	at com.sun.proxy.$Proxy2.stop(Unknown Source)
	at org.gradle.api.internal.tasks.testing.worker.TestWorker$3.run(TestWorker.java:193)
	at org.gradle.api.internal.tasks.testing.worker.TestWorker.executeAndMaintainThreadName(TestWorker.java:129)
	at org.gradle.api.internal.tasks.testing.worker.TestWorker.execute(TestWorker.java:100)
	at org.gradle.api.internal.tasks.testing.worker.TestWorker.execute(TestWorker.java:60)
	at org.gradle.process.internal.worker.child.ActionExecutionWorker.execute(ActionExecutionWorker.java:56)
	at org.gradle.process.internal.worker.child.SystemApplicationClassLoaderWorker.call(SystemApplicationClassLoaderWorker.java:133)
	at org.gradle.process.internal.worker.child.SystemApplicationClassLoaderWorker.call(SystemApplicationClassLoaderWorker.java:71)
	at worker.org.gradle.process.internal.worker.GradleWorkerMain.run(GradleWorkerMain.java:69)
	at worker.org.gradle.process.internal.worker.GradleWorkerMain.main(GradleWorkerMain.java:74)
</failure>
  </testcase>
  <testcase name="Academics2()" classname="org.example.MainTest" time="0.103">
    <failure message="java.lang.NumberFormatException: null" type="java.lang.NumberFormatException">java.lang.NumberFormatException: null
	at java.lang.Integer.parseInt(Integer.java:542)
	at java.lang.Integer.parseInt(Integer.java:615)
	at org.example.Main.main(Main.java:264)
	at org.example.MainTest.Academics2(MainTest.java:84)
	at sun.reflect.NativeMethodAccessorImpl.invoke0(Native Method)
	at sun.reflect.NativeMethodAccessorImpl.invoke(NativeMethodAccessorImpl.java:62)
	at sun.reflect.DelegatingMethodAccessorImpl.invoke(DelegatingMethodAccessorImpl.java:43)
	at java.lang.reflect.Method.invoke(Method.java:498)
	at org.junit.platform.commons.util.ReflectionUtils.invokeMethod(ReflectionUtils.java:725)
	at org.junit.jupiter.engine.execution.MethodInvocation.proceed(MethodInvocation.java:60)
	at org.junit.jupiter.engine.execution.InvocationInterceptorChain$ValidatingInvocation.proceed(InvocationInterceptorChain.java:131)
	at org.junit.jupiter.engine.extension.TimeoutExtension.intercept(TimeoutExtension.java:149)
	at org.junit.jupiter.engine.extension.TimeoutExtension.interceptTestableMethod(TimeoutExtension.java:140)
	at org.junit.jupiter.engine.extension.TimeoutExtension.interceptTestMethod(TimeoutExtension.java:84)
	at org.junit.jupiter.engine.execution.ExecutableInvoker$ReflectiveInterceptorCall.lambda$ofVoidMethod$0(ExecutableInvoker.java:115)
	at org.junit.jupiter.engine.execution.ExecutableInvoker.lambda$invoke$0(ExecutableInvoker.java:105)
	at org.junit.jupiter.engine.execution.InvocationInterceptorChain$InterceptedInvocation.proceed(InvocationInterceptorChain.java:106)
	at org.junit.jupiter.engine.execution.InvocationInterceptorChain.proceed(InvocationInterceptorChain.java:64)
	at org.junit.jupiter.engine.execution.InvocationInterceptorChain.chainAndInvoke(InvocationInterceptorChain.java:45)
	at org.junit.jupiter.engine.execution.InvocationInterceptorChain.invoke(InvocationInterceptorChain.java:37)
	at org.junit.jupiter.engine.execution.ExecutableInvoker.invoke(ExecutableInvoker.java:104)
	at org.junit.jupiter.engine.execution.ExecutableInvoker.invoke(ExecutableInvoker.java:98)
	at org.junit.jupiter.engine.descriptor.TestMethodTestDescriptor.lambda$invokeTestMethod$7(TestMethodTestDescriptor.java:214)
	at org.junit.platform.engine.support.hierarchical.ThrowableCollector.execute(ThrowableCollector.java:73)
	at org.junit.jupiter.engine.descriptor.TestMethodTestDescriptor.invokeTestMethod(TestMethodTestDescriptor.java:210)
	at org.junit.jupiter.engine.descriptor.TestMethodTestDescriptor.execute(TestMethodTestDescriptor.java:135)
	at org.junit.jupiter.engine.descriptor.TestMethodTestDescriptor.execute(TestMethodTestDescriptor.java:66)
	at org.junit.platform.engine.support.hierarchical.NodeTestTask.lambda$executeRecursively$6(NodeTestTask.java:151)
	at org.junit.platform.engine.support.hierarchical.ThrowableCollector.execute(ThrowableCollector.java:73)
	at org.junit.platform.engine.support.hierarchical.NodeTestTask.lambda$executeRecursively$8(NodeTestTask.java:141)
	at org.junit.platform.engine.support.hierarchical.Node.around(Node.java:137)
	at org.junit.platform.engine.support.hierarchical.NodeTestTask.lambda$executeRecursively$9(NodeTestTask.java:139)
	at org.junit.platform.engine.support.hierarchical.ThrowableCollector.execute(ThrowableCollector.java:73)
	at org.junit.platform.engine.support.hierarchical.NodeTestTask.executeRecursively(NodeTestTask.java:138)
	at org.junit.platform.engine.support.hierarchical.NodeTestTask.execute(NodeTestTask.java:95)
	at java.util.ArrayList.forEach(ArrayList.java:1259)
	at org.junit.platform.engine.support.hierarchical.SameThreadHierarchicalTestExecutorService.invokeAll(SameThreadHierarchicalTestExecutorService.java:41)
	at org.junit.platform.engine.support.hierarchical.NodeTestTask.lambda$executeRecursively$6(NodeTestTask.java:155)
	at org.junit.platform.engine.support.hierarchical.ThrowableCollector.execute(ThrowableCollector.java:73)
	at org.junit.platform.engine.support.hierarchical.NodeTestTask.lambda$executeRecursively$8(NodeTestTask.java:141)
	at org.junit.platform.engine.support.hierarchical.Node.around(Node.java:137)
	at org.junit.platform.engine.support.hierarchical.NodeTestTask.lambda$executeRecursively$9(NodeTestTask.java:139)
	at org.junit.platform.engine.support.hierarchical.ThrowableCollector.execute(ThrowableCollector.java:73)
	at org.junit.platform.engine.support.hierarchical.NodeTestTask.executeRecursively(NodeTestTask.java:138)
	at org.junit.platform.engine.support.hierarchical.NodeTestTask.execute(NodeTestTask.java:95)
	at java.util.ArrayList.forEach(ArrayList.java:1259)
	at org.junit.platform.engine.support.hierarchical.SameThreadHierarchicalTestExecutorService.invokeAll(SameThreadHierarchicalTestExecutorService.java:41)
	at org.junit.platform.engine.support.hierarchical.NodeTestTask.lambda$executeRecursively$6(NodeTestTask.java:155)
	at org.junit.platform.engine.support.hierarchical.ThrowableCollector.execute(ThrowableCollector.java:73)
	at org.junit.platform.engine.support.hierarchical.NodeTestTask.lambda$executeRecursively$8(NodeTestTask.java:141)
	at org.junit.platform.engine.support.hierarchical.Node.around(Node.java:137)
	at org.junit.platform.engine.support.hierarchical.NodeTestTask.lambda$executeRecursively$9(NodeTestTask.java:139)
	at org.junit.platform.engine.support.hierarchical.ThrowableCollector.execute(ThrowableCollector.java:73)
	at org.junit.platform.engine.support.hierarchical.NodeTestTask.executeRecursively(NodeTestTask.java:138)
	at org.junit.platform.engine.support.hierarchical.NodeTestTask.execute(NodeTestTask.java:95)
	at org.junit.platform.engine.support.hierarchical.SameThreadHierarchicalTestExecutorService.submit(SameThreadHierarchicalTestExecutorService.java:35)
	at org.junit.platform.engine.support.hierarchical.HierarchicalTestExecutor.execute(HierarchicalTestExecutor.java:57)
	at org.junit.platform.engine.support.hierarchical.HierarchicalTestEngine.execute(HierarchicalTestEngine.java:54)
	at org.junit.platform.launcher.core.EngineExecutionOrchestrator.execute(EngineExecutionOrchestrator.java:107)
	at org.junit.platform.launcher.core.EngineExecutionOrchestrator.execute(EngineExecutionOrchestrator.java:88)
	at org.junit.platform.launcher.core.EngineExecutionOrchestrator.lambda$execute$0(EngineExecutionOrchestrator.java:54)
	at org.junit.platform.launcher.core.EngineExecutionOrchestrator.withInterceptedStreams(EngineExecutionOrchestrator.java:67)
	at org.junit.platform.launcher.core.EngineExecutionOrchestrator.execute(EngineExecutionOrchestrator.java:52)
	at org.junit.platform.launcher.core.DefaultLauncher.execute(DefaultLauncher.java:114)
	at org.junit.platform.launcher.core.DefaultLauncher.execute(DefaultLauncher.java:86)
	at org.junit.platform.launcher.core.DefaultLauncherSession$DelegatingLauncher.execute(DefaultLauncherSession.java:86)
	at org.junit.platform.launcher.core.SessionPerRequestLauncher.execute(SessionPerRequestLauncher.java:53)
	at org.gradle.api.internal.tasks.testing.junitplatform.JUnitPlatformTestClassProcessor$CollectAllTestClassesExecutor.processAllTestClasses(JUnitPlatformTestClassProcessor.java:99)
	at org.gradle.api.internal.tasks.testing.junitplatform.JUnitPlatformTestClassProcessor$CollectAllTestClassesExecutor.access$000(JUnitPlatformTestClassProcessor.java:79)
	at org.gradle.api.internal.tasks.testing.junitplatform.JUnitPlatformTestClassProcessor.stop(JUnitPlatformTestClassProcessor.java:75)
	at org.gradle.api.internal.tasks.testing.SuiteTestClassProcessor.stop(SuiteTestClassProcessor.java:61)
	at sun.reflect.NativeMethodAccessorImpl.invoke0(Native Method)
	at sun.reflect.NativeMethodAccessorImpl.invoke(NativeMethodAccessorImpl.java:62)
	at sun.reflect.DelegatingMethodAccessorImpl.invoke(DelegatingMethodAccessorImpl.java:43)
	at java.lang.reflect.Method.invoke(Method.java:498)
	at org.gradle.internal.dispatch.ReflectionDispatch.dispatch(ReflectionDispatch.java:36)
	at org.gradle.internal.dispatch.ReflectionDispatch.dispatch(ReflectionDispatch.java:24)
	at org.gradle.internal.dispatch.ContextClassLoaderDispatch.dispatch(ContextClassLoaderDispatch.java:33)
	at org.gradle.internal.dispatch.ProxyDispatchAdapter$DispatchingInvocationHandler.invoke(ProxyDispatchAdapter.java:94)
	at com.sun.proxy.$Proxy2.stop(Unknown Source)
	at org.gradle.api.internal.tasks.testing.worker.TestWorker$3.run(TestWorker.java:193)
	at org.gradle.api.internal.tasks.testing.worker.TestWorker.executeAndMaintainThreadName(TestWorker.java:129)
	at org.gradle.api.internal.tasks.testing.worker.TestWorker.execute(TestWorker.java:100)
	at org.gradle.api.internal.tasks.testing.worker.TestWorker.execute(TestWorker.java:60)
	at org.gradle.process.internal.worker.child.ActionExecutionWorker.execute(ActionExecutionWorker.java:56)
	at org.gradle.process.internal.worker.child.SystemApplicationClassLoaderWorker.call(SystemApplicationClassLoaderWorker.java:133)
	at org.gradle.process.internal.worker.child.SystemApplicationClassLoaderWorker.call(SystemApplicationClassLoaderWorker.java:71)
	at worker.org.gradle.process.internal.worker.GradleWorkerMain.run(GradleWorkerMain.java:69)
	at worker.org.gradle.process.internal.worker.GradleWorkerMain.main(GradleWorkerMain.java:74)
</failure>
  </testcase>
  <testcase name="Academics3()" classname="org.example.MainTest" time="0.037"/>
  <testcase name="Academics4()" classname="org.example.MainTest" time="0.068"/>
  <testcase name="student1()" classname="org.example.MainTest" time="0.472"/>
  <testcase name="student2()" classname="org.example.MainTest" time="0.194"/>
  <testcase name="student3()" classname="org.example.MainTest" time="0.032"/>
  <testcase name="student4()" classname="org.example.MainTest" time="0.063"/>
  <testcase name="Instructor1()" classname="org.example.MainTest" time="0.16"/>
  <testcase name="Instructor2()" classname="org.example.MainTest" time="0.263"/>
  <testcase name="Instructor3()" classname="org.example.MainTest" time="0.035"/>
  <testcase name="Instructor4()" classname="org.example.MainTest" time="0.063"/>
  <system-out><![CDATA[*************************Welcome to aims portal !!! *******************************
Enter 1 for Student Login ...
Enter 2 for Instructor Login...
Enter 3 for Academics Login ...
Enter 4 to go to previous menu ...
3
Enter 1 to go to login Page.
Enter 2 to go to previous menu. 
1

Enter your email address

Enter your password

*****************LoggedIn Successfully*********************
Enter 1 to edit the course catalog
Enter 2  view grades of all user
Enter 3 to generate transcript of a student
Enter 4 to see the list of students applied for elective 
Enter 5 to go to the previous menu 
Enter the course code for to see the list of students
Enter 1 to approve all 
Enter 2 to approve a particular year students 
enter 3 to approve a specific student 
*************************Welcome to aims portal !!! *******************************
Enter 1 for Student Login ...
Enter 2 for Instructor Login...
Enter 3 for Academics Login ...
Enter 4 to go to previous menu ...
3
Enter 1 to go to login Page.
Enter 2 to go to previous menu. 
1

Enter your email address

Enter your password

*****************LoggedIn Successfully*********************
Enter 1 to edit the course catalog
Enter 2  view grades of all user
Enter 3 to generate transcript of a student
Enter 4 to see the list of students applied for elective 
Enter 5 to go to the previous menu 
Enter 1 to Register a Course
Enter 2 to De-Register a couse
Enter the course code
cs306
Enter the course title
theory of compuataion
Enter the course LTP structure
3-0-5
Enter the prerequistes courses code  specified by comma 
cs301
insert into course_catalog values ('cs306','theory of compuataion','3-0-5','{cs301}')
Course registerd in course catalog succesfuuly 
Enter 1 to edit the course catalog
Enter 2  view grades of all user
Enter 3 to generate transcript of a student
Enter 4 to see the list of students applied for elective 
Enter 5 to go to the previous menu 
Enter 1 to Register a Course
Enter 2 to De-Register a couse
Enter the course code 
delete from course_catalog where course_code ='cs301'
Course Successfully removed from course catalog
Enter 1 to edit the course catalog
Enter 2  view grades of all user
Enter 3 to generate transcript of a student
Enter 4 to see the list of students applied for elective 
Enter 5 to go to the previous menu 
Enter the entry no of the student 
Course Code    Course Name                                                            Grade         Category       Credits        
ma102          linear algebra                                                        A-             pc             3              
ma102          linear algebra                                                        A-             pc             3              
ma102          linear algebra                                                        A-             pc             3              
ma102          linear algebra                                                        A-             pc             3              
ma102          linear algebra                                                        A-             pc             3              
ma102          linear algebra                                                        A-             pc             3              
ma102          linear algebra                                                        A-             pc             3              
ma102          linear algebra                                                        A-             pc             3              
ma102          linear algebra                                                        A-             pc             3              
ma102          linear algebra                                                        A-             pc             3              
cs201          data structures                                                       A-             pc             3              
cs201          data structures                                                       A-             pc             3              
cs201          data structures                                                       A-             pc             3              
cs201          data structures                                                       A-             pc             3              
cs201          data structures                                                       A-             pc             3              
hs202          human geography                                                       A-             pc             3              
hs202          human geography                                                       A-             pc             3              
hs202          human geography                                                       A-             pc             3              
hs202          human geography                                                       A-             pe             3              
hs202          human geography                                                       A-             pe             3              
hs104          professional ethics                                                   A-             pe             3              
hs104          professional ethics                                                   A-             pe             3              
hs104          professional ethics                                                   A-             pe             3              
hs104          professional ethics                                                   A-             pe             3              
hs104          professional ethics                                                   A-             pe             3              
Enter 1 to edit the course catalog
Enter 2  view grades of all user
Enter 3 to generate transcript of a student
Enter 4 to see the list of students applied for elective 
Enter 5 to go to the previous menu 
Enter the useer id of the student
Your generated transcript is as follows  

Academics for Credit Courses

ma102     linear algebra                                                                  A-        pc        3.0       
ma102     linear algebra                                                                  A-        pc        3.0       
ma102     linear algebra                                                                  A-        pc        3.0       
ma102     linear algebra                                                                  A-        pc        3.0       
ma102     linear algebra                                                                  A-        pc        3.0       
ma102     linear algebra                                                                  A-        pc        3.0       
ma102     linear algebra                                                                  A-        pc        3.0       
ma102     linear algebra                                                                  A-        pc        3.0       
ma102     linear algebra                                                                  A-        pc        3.0       
ma102     linear algebra                                                                  A-        pc        3.0       
cs201     data structures                                                                 A-        pc        3.0       
cs201     data structures                                                                 A-        pc        3.0       
cs201     data structures                                                                 A-        pc        3.0       
cs201     data structures                                                                 A-        pc        3.0       
cs201     data structures                                                                 A-        pc        3.0       
hs202     human geography                                                                 A-        pc        3.0       
hs202     human geography                                                                 A-        pc        3.0       
hs202     human geography                                                                 A-        pc        3.0       
hs202     human geography                                                                 A-        pe        3.0       
hs202     human geography                                                                 A-        pe        3.0       
hs104     professional ethics                                                             A-        pe        3.0       
hs104     professional ethics                                                             A-        pe        3.0       
hs104     professional ethics                                                             A-        pe        3.0       
hs104     professional ethics                                                             A-        pe        3.0       
hs104     professional ethics                                                             A-        pe        3.0       

Total program core credits left : 
60
Total program elective credits left : 
30
Total elective  credits left : 
30
*********************************************Not Graduated !!!***********************************************
Enter 1 to edit the course catalog
Enter 2  view grades of all user
Enter 3 to generate transcript of a student
Enter 4 to see the list of students applied for elective 
Enter 5 to go to the previous menu 
Enter the course code for to see the list of students
2020csb1113 cs301 Pending Advisor apprval 
2020csb1113 cs301 Pending Advisor apprval 
2020csb1113 cs301 Pending Advisor apprval 
2020csb1113 cs301 Pending Advisor apprval 
2020csb1113 cs301 Pending Advisor apprval 
2020csb1113 cs301 Pending Advisor apprval 
2020csb1113 cs301 Pending Advisor apprval 
2020csb1113 cs301 Pending Advisor apprval 
2020csb1113 cs301 Pending Advisor apprval 
2020csb1113 cs301 Pending Advisor apprval 
2020csb1113 cs301 Pending Advisor apprval 
2020csb1113 cs301 Pending Advisor apprval 
2020csb1113 cs301 Pending Advisor apprval 
2020csb1113 cs301 Pending Advisor apprval 
2020csb1113 cs301 Pending Advisor apprval 
2020csb1113 cs301 Pending Advisor apprval 
2020csb1113 cs301 Pending Advisor apprval 
2020csb1113 cs301 Pending Advisor apprval 
2020csb1113 cs301 Pending Advisor apprval 
2020csb1113 cs301 Pending Advisor apprval 
2020csb1113 cs301 Pending Advisor apprval 
2020csb1113 cs301 Pending Advisor apprval 
2020csb1113 cs301 Pending Advisor apprval 
2020csb1113 cs301 Pending Advisor apprval 
2020csb1113 cs301 Pending Advisor apprval 
2020csb1113 cs301 Pending Advisor apprval 
2020csb1113 cs301 Pending Advisor apprval 
2020csb1113 cs301 Pending Advisor apprval 
2020csb1113 cs301 Pending Advisor apprval 
2020csb1113 cs301 Pending Advisor apprval 
2020csb1113 cs301 Pending Advisor apprval 
Enter 1 to approve all 
Enter 2 to approve a particular year students 
enter 3 to approve a specific student 
Enter the entry number of the student to approve
update approve_students set approval_status ='credit' where  entry_no='2020csb1113'and course_code ='cs301'
 Approved successfully
Enter 1 to edit the course catalog
Enter 2  view grades of all user
Enter 3 to generate transcript of a student
Enter 4 to see the list of students applied for elective 
Enter 5 to go to the previous menu 
Enter the course code for to see the list of students
2020csb1113 cs301 credit 
2020csb1113 cs301 credit 
2020csb1113 cs301 credit 
2020csb1113 cs301 credit 
2020csb1113 cs301 credit 
2020csb1113 cs301 credit 
2020csb1113 cs301 credit 
2020csb1113 cs301 credit 
2020csb1113 cs301 credit 
2020csb1113 cs301 credit 
2020csb1113 cs301 credit 
2020csb1113 cs301 credit 
2020csb1113 cs301 credit 
2020csb1113 cs301 credit 
2020csb1113 cs301 credit 
2020csb1113 cs301 credit 
2020csb1113 cs301 credit 
2020csb1113 cs301 credit 
2020csb1113 cs301 credit 
2020csb1113 cs301 credit 
2020csb1113 cs301 credit 
2020csb1113 cs301 credit 
2020csb1113 cs301 credit 
2020csb1113 cs301 credit 
2020csb1113 cs301 credit 
2020csb1113 cs301 credit 
2020csb1113 cs301 credit 
2020csb1113 cs301 credit 
2020csb1113 cs301 credit 
2020csb1113 cs301 credit 
2020csb1113 cs301 credit 
Enter 1 to approve all 
Enter 2 to approve a particular year students 
enter 3 to approve a specific student 
enter year 
*************************Welcome to aims portal !!! *******************************
Enter 1 for Student Login ...
Enter 2 for Instructor Login...
Enter 3 for Academics Login ...
Enter 4 to go to previous menu ...
3
Enter 1 to go to login Page.
Enter 2 to go to previous menu. 
1

Enter your email address

Enter your password

*****************LoggedIn Successfully*********************
Enter 1 to edit the course catalog
Enter 2  view grades of all user
Enter 3 to generate transcript of a student
Enter 4 to see the list of students applied for elective 
Enter 5 to go to the previous menu 
Enter the entry no of the student 
Course Code    Course Name                                                            Grade         Category       Credits        
ma102          linear algebra                                                        A-             pc             3              
ma102          linear algebra                                                        A-             pc             3              
ma102          linear algebra                                                        A-             pc             3              
ma102          linear algebra                                                        A-             pc             3              
ma102          linear algebra                                                        A-             pc             3              
ma102          linear algebra                                                        A-             pc             3              
ma102          linear algebra                                                        A-             pc             3              
ma102          linear algebra                                                        A-             pc             3              
ma102          linear algebra                                                        A-             pc             3              
ma102          linear algebra                                                        A-             pc             3              
cs201          data structures                                                       A-             pc             3              
cs201          data structures                                                       A-             pc             3              
cs201          data structures                                                       A-             pc             3              
cs201          data structures                                                       A-             pc             3              
cs201          data structures                                                       A-             pc             3              
hs202          human geography                                                       A-             pc             3              
hs202          human geography                                                       A-             pc             3              
hs202          human geography                                                       A-             pc             3              
hs202          human geography                                                       A-             pe             3              
hs202          human geography                                                       A-             pe             3              
hs104          professional ethics                                                   A-             pe             3              
hs104          professional ethics                                                   A-             pe             3              
hs104          professional ethics                                                   A-             pe             3              
hs104          professional ethics                                                   A-             pe             3              
hs104          professional ethics                                                   A-             pe             3              
Enter 1 to edit the course catalog
Enter 2  view grades of all user
Enter 3 to generate transcript of a student
Enter 4 to see the list of students applied for elective 
Enter 5 to go to the previous menu 
*************************Welcome to aims portal !!! *******************************
Enter 1 for Student Login ...
Enter 2 for Instructor Login...
Enter 3 for Academics Login ...
Enter 4 to go to previous menu ...
3
Enter 1 to go to login Page.
Enter 2 to go to previous menu. 
1

Enter your email address

Enter your password

Email does not exist 
Enter 1 to go to login Page.
Enter 2 to go to previous menu. 
2
*************************Welcome to aims portal !!! *******************************
Enter 1 for Student Login ...
Enter 2 for Instructor Login...
Enter 3 for Academics Login ...
Enter 4 to go to previous menu ...
4
*************************Welcome to aims portal !!! *******************************
Enter 1 for Student Login ...
Enter 2 for Instructor Login...
Enter 3 for Academics Login ...
Enter 4 to go to previous menu ...
3
Enter 1 to go to login Page.
Enter 2 to go to previous menu. 
1

Enter your email address

Enter your password

******************Incorrect Password**************************
Enter 1 to go to login Page.
Enter 2 to go to previous menu. 
2
*************************Welcome to aims portal !!! *******************************
Enter 1 for Student Login ...
Enter 2 for Instructor Login...
Enter 3 for Academics Login ...
Enter 4 to go to previous menu ...
4
*************************Welcome to aims portal !!! *******************************
Enter 1 for Student Login ...
Enter 2 for Instructor Login...
Enter 3 for Academics Login ...
Enter 4 to go to previous menu ...
1
Enter 1 to go to login Page.
Enter 2 to go to previous menu. 
1

Enter your email address

Enter your password

*****************LoggedIn Successfully*********************
Enter 1 to view you grades
Enter 2 to view course offered for enrollment
Enter 3 to view you current CGPA
Enter 4  to check the status of elective course
Enter 5  to check the graduation details 
Enter 6 to go back to previous menu
Course Code    Course Name                                                            Grade         Category       Credits        
ma102          linear algebra                                                        A-             pc             3              
ma102          linear algebra                                                        A-             pc             3              
ma102          linear algebra                                                        A-             pc             3              
ma102          linear algebra                                                        A-             pc             3              
ma102          linear algebra                                                        A-             pc             3              
ma102          linear algebra                                                        A-             pc             3              
ma102          linear algebra                                                        A-             pc             3              
ma102          linear algebra                                                        A-             pc             3              
ma102          linear algebra                                                        A-             pc             3              
ma102          linear algebra                                                        A-             pc             3              
cs201          data structures                                                       A-             pc             3              
cs201          data structures                                                       A-             pc             3              
cs201          data structures                                                       A-             pc             3              
cs201          data structures                                                       A-             pc             3              
cs201          data structures                                                       A-             pc             3              
hs202          human geography                                                       A-             pc             3              
hs202          human geography                                                       A-             pc             3              
hs202          human geography                                                       A-             pc             3              
hs202          human geography                                                       A-             pe             3              
hs202          human geography                                                       A-             pe             3              
hs104          professional ethics                                                   A-             pe             3              
hs104          professional ethics                                                   A-             pe             3              
hs104          professional ethics                                                   A-             pe             3              
hs104          professional ethics                                                   A-             pe             3              
hs104          professional ethics                                                   A-             pe             3              
Enter 1 to view you grades
Enter 2 to view course offered for enrollment
Enter 3 to view you current CGPA
Enter 4  to check the status of elective course
Enter 5  to check the graduation details 
Enter 6 to go back to previous menu
Course Code         Course Name                                                                     Credit              Category            Cgpa Required       Pre-requiste Courses

cs101               computer awareness                                                              3                   PC                  10                  {}                  
cs301               database                                                                        3                   PC                  7                   {cs201}             
cs302               architechture                                                                   3                   PC                  7                   {cs517}             

Enter the course code in which you want to enroll : 
675.0
75.0
9.0
cs201
INSERT INTO approve_students values  ( '2020csb1113','cs301','Pendig  Instructor approval ' )
Pending Instructor approval .
Enter 1 to view you grades
Enter 2 to view course offered for enrollment
Enter 3 to view you current CGPA
Enter 4  to check the status of elective course
Enter 5  to check the graduation details 
Enter 6 to go back to previous menu
675.0
75.0
9.0
Your Cgpa is   :9.0
Enter 1 to view you grades
Enter 2 to view course offered for enrollment
Enter 3 to view you current CGPA
Enter 4  to check the status of elective course
Enter 5  to check the graduation details 
Enter 6 to go back to previous menu
Enter the course code whose status you want to chekc 
 course status ----------------credit
Enter 1 to view you grades
Enter 2 to view course offered for enrollment
Enter 3 to view you current CGPA
Enter 4  to check the status of elective course
Enter 5  to check the graduation details 
Enter 6 to go back to previous menu
Total program core credits left : 
6.0
Total program elective credits left : 
9.0
Total elective  credits left : 
30.0
*********************************************Not Graduated !!!***********************************************
Enter 1 to view you grades
Enter 2 to view course offered for enrollment
Enter 3 to view you current CGPA
Enter 4  to check the status of elective course
Enter 5  to check the graduation details 
Enter 6 to go back to previous menu
Enter 1 to go to login Page.
Enter 2 to go to previous menu. 
2
*************************Welcome to aims portal !!! *******************************
Enter 1 for Student Login ...
Enter 2 for Instructor Login...
Enter 3 for Academics Login ...
Enter 4 to go to previous menu ...
4
*************************Welcome to aims portal !!! *******************************
Enter 1 for Student Login ...
Enter 2 for Instructor Login...
Enter 3 for Academics Login ...
Enter 4 to go to previous menu ...
1
Enter 1 to go to login Page.
Enter 2 to go to previous menu. 
1

Enter your email address

Enter your password

*****************LoggedIn Successfully*********************
Enter 1 to view you grades
Enter 2 to view course offered for enrollment
Enter 3 to view you current CGPA
Enter 4  to check the status of elective course
Enter 5  to check the graduation details 
Enter 6 to go back to previous menu
Course Code    Course Name                                                            Grade         Category       Credits        
ma102          linear algebra                                                        A-             pc             3              
ma102          linear algebra                                                        A-             pc             3              
ma102          linear algebra                                                        A-             pc             3              
ma102          linear algebra                                                        A-             pc             3              
ma102          linear algebra                                                        A-             pc             3              
ma102          linear algebra                                                        A-             pc             3              
ma102          linear algebra                                                        A-             pc             3              
ma102          linear algebra                                                        A-             pc             3              
ma102          linear algebra                                                        A-             pc             3              
ma102          linear algebra                                                        A-             pc             3              
cs201          data structures                                                       A-             pc             3              
cs201          data structures                                                       A-             pc             3              
cs201          data structures                                                       A-             pc             3              
cs201          data structures                                                       A-             pc             3              
cs201          data structures                                                       A-             pc             3              
hs202          human geography                                                       A-             pc             3              
hs202          human geography                                                       A-             pc             3              
hs202          human geography                                                       A-             pc             3              
hs202          human geography                                                       A-             pe             3              
hs202          human geography                                                       A-             pe             3              
hs104          professional ethics                                                   A-             pe             3              
hs104          professional ethics                                                   A-             pe             3              
hs104          professional ethics                                                   A-             pe             3              
hs104          professional ethics                                                   A-             pe             3              
hs104          professional ethics                                                   A-             pe             3              
hs301          industrial management                                                 A-             pe             3              
hs301          industrial management                                                 A-             pe             3              
hs301          industrial management                                                 A-             pe             3              
hs301          industrial management                                                 A-             el             3              
hs301          industrial management                                                 A-             el             3              
hs301          industrial management                                                 A-             el             3              
hs301          industrial management                                                 A-             el             3              
hs301          industrial management                                                 A-             el             3              
hs301          industrial management                                                 A-             el             3              
cp302          capstone-I                                                            A-             pc             3              
hs301          industrial management                                                 A-             el             3              
hs301          industrial management                                                 A-             el             3              
hs301          industrial management                                                 A-             el             3              
hs301          industrial management                                                 A-             el             3              
cp303          capstone-II                                                           A-             pc             3              
Enter 1 to view you grades
Enter 2 to view course offered for enrollment
Enter 3 to view you current CGPA
Enter 4  to check the status of elective course
Enter 5  to check the graduation details 
Enter 6 to go back to previous menu
*********************************************Graduation Completed !!!***********************************************
Enter 1 to view you grades
Enter 2 to view course offered for enrollment
Enter 3 to view you current CGPA
Enter 4  to check the status of elective course
Enter 5  to check the graduation details 
Enter 6 to go back to previous menu
Enter 1 to go to login Page.
Enter 2 to go to previous menu. 
2
*************************Welcome to aims portal !!! *******************************
Enter 1 for Student Login ...
Enter 2 for Instructor Login...
Enter 3 for Academics Login ...
Enter 4 to go to previous menu ...
4
*************************Welcome to aims portal !!! *******************************
Enter 1 for Student Login ...
Enter 2 for Instructor Login...
Enter 3 for Academics Login ...
Enter 4 to go to previous menu ...
1
Enter 1 to go to login Page.
Enter 2 to go to previous menu. 
1

Enter your email address

Enter your password

Email does not exist 
Enter 1 to go to login Page.
Enter 2 to go to previous menu. 
2
*************************Welcome to aims portal !!! *******************************
Enter 1 for Student Login ...
Enter 2 for Instructor Login...
Enter 3 for Academics Login ...
Enter 4 to go to previous menu ...
4
*************************Welcome to aims portal !!! *******************************
Enter 1 for Student Login ...
Enter 2 for Instructor Login...
Enter 3 for Academics Login ...
Enter 4 to go to previous menu ...
1
Enter 1 to go to login Page.
Enter 2 to go to previous menu. 
1

Enter your email address

Enter your password

******************Incorrect Password**************************
Enter 1 to go to login Page.
Enter 2 to go to previous menu. 
2
*************************Welcome to aims portal !!! *******************************
Enter 1 for Student Login ...
Enter 2 for Instructor Login...
Enter 3 for Academics Login ...
Enter 4 to go to previous menu ...
4
*************************Welcome to aims portal !!! *******************************
Enter 1 for Student Login ...
Enter 2 for Instructor Login...
Enter 3 for Academics Login ...
Enter 4 to go to previous menu ...
2
Enter 1 to go to login Page.
Enter 2 to go to previous menu. 
1

Enter your email address

Enter your password

*****************LoggedIn Successfully*********************
Enter 1 to view grades of a student: 
Enter 2  for register/derigister for a course  
Enter 3 to update marks of students 
Enter 4 to approve elective course students  
Enter 5 to go the previous menu 
Enter the entry no of the student 
Course Code    Course Name                                                            Grade         Category       Credits        
ma102          linear algebra                                                        A-             pc             3              
ma102          linear algebra                                                        A-             pc             3              
ma102          linear algebra                                                        A-             pc             3              
ma102          linear algebra                                                        A-             pc             3              
ma102          linear algebra                                                        A-             pc             3              
ma102          linear algebra                                                        A-             pc             3              
ma102          linear algebra                                                        A-             pc             3              
ma102          linear algebra                                                        A-             pc             3              
ma102          linear algebra                                                        A-             pc             3              
ma102          linear algebra                                                        A-             pc             3              
cs201          data structures                                                       A-             pc             3              
cs201          data structures                                                       A-             pc             3              
cs201          data structures                                                       A-             pc             3              
cs201          data structures                                                       A-             pc             3              
cs201          data structures                                                       A-             pc             3              
hs202          human geography                                                       A-             pc             3              
hs202          human geography                                                       A-             pc             3              
hs202          human geography                                                       A-             pc             3              
hs202          human geography                                                       A-             pe             3              
hs202          human geography                                                       A-             pe             3              
hs104          professional ethics                                                   A-             pe             3              
hs104          professional ethics                                                   A-             pe             3              
hs104          professional ethics                                                   A-             pe             3              
hs104          professional ethics                                                   A-             pe             3              
hs104          professional ethics                                                   A-             pe             3              
Enter 1 to view grades of a student: 
Enter 2  for register/derigister for a course  
Enter 3 to update marks of students 
Enter 4 to approve elective course students  
Enter 5 to go the previous menu 
Enter 1 to Register a Course
Enter 2 to De-Register a couse
Enter the course code
Enter the course title
Enter the course LTP structure
Enter the prerequistes courses code  specified by comma 
insert into course_catalog values ('cs306','theory of compuataion','3-0-5','{cs301}')
Course registerd in course catalog succesfuuly 
Enter 1 to view grades of a student: 
Enter 2  for register/derigister for a course  
Enter 3 to update marks of students 
Enter 4 to approve elective course students  
Enter 5 to go the previous menu 
Enter 1 to Register a Course
Enter 2 to De-Register a couse
Enter the course code 
delete from course_catalog where course_code ='cs306'
Course Successfully removed from course catalog
Enter 1 to view grades of a student: 
Enter 2  for register/derigister for a course  
Enter 3 to update marks of students 
Enter 4 to approve elective course students  
Enter 5 to go the previous menu 
Enter 1 to go to login Page.
Enter 2 to go to previous menu. 
2
*************************Welcome to aims portal !!! *******************************
Enter 1 for Student Login ...
Enter 2 for Instructor Login...
Enter 3 for Academics Login ...
Enter 4 to go to previous menu ...
4
*************************Welcome to aims portal !!! *******************************
Enter 1 for Student Login ...
Enter 2 for Instructor Login...
Enter 3 for Academics Login ...
Enter 4 to go to previous menu ...
2
Enter 1 to go to login Page.
Enter 2 to go to previous menu. 
1

Enter your email address

Enter your password

*****************LoggedIn Successfully*********************
Enter 1 to view grades of a student: 
Enter 2  for register/derigister for a course  
Enter 3 to update marks of students 
Enter 4 to approve elective course students  
Enter 5 to go the previous menu 
Enter the course code for to see the list of students
2020csb1113 cs301 credit 
2020csb1113 cs301 credit 
2020csb1113 cs301 credit 
2020csb1113 cs301 credit 
2020csb1113 cs301 credit 
2020csb1113 cs301 credit 
2020csb1113 cs301 credit 
2020csb1113 cs301 credit 
2020csb1113 cs301 credit 
2020csb1113 cs301 credit 
2020csb1113 cs301 credit 
2020csb1113 cs301 credit 
2020csb1113 cs301 credit 
2020csb1113 cs301 credit 
2020csb1113 cs301 credit 
2020csb1113 cs301 credit 
2020csb1113 cs301 Pendig  Instructor approval  
2020csb1113 cs301 credit 
2020csb1113 cs301 credit 
2020csb1113 cs301 credit 
2020csb1113 cs301 credit 
2020csb1113 cs301 credit 
2020csb1113 cs301 credit 
2020csb1113 cs301 credit 
2020csb1113 cs301 credit 
2020csb1113 cs301 credit 
2020csb1113 cs301 credit 
2020csb1113 cs301 credit 
2020csb1113 cs301 credit 
2020csb1113 cs301 credit 
2020csb1113 cs301 credit 
2020csb1113 cs301 credit 
Enter 1 to approve all 
Enter 2 to approve a particular year students 
enter 3 to approve a specific student 
Enter the entry number of the student to approve
update approve_students set approval_status ='Pending Advisor apprval' where  entry_no='2020csb1113'and course_code ='cs301'
 Approved successfully
 Approved successfully
Enter 1 to view grades of a student: 
Enter 2  for register/derigister for a course  
Enter 3 to update marks of students 
Enter 4 to approve elective course students  
Enter 5 to go the previous menu 
Enter the course code for to see the list of students
2020csb1113 cs301 Pending Advisor apprval 
2020csb1113 cs301 Pending Advisor apprval 
2020csb1113 cs301 Pending Advisor apprval 
2020csb1113 cs301 Pending Advisor apprval 
2020csb1113 cs301 Pending Advisor apprval 
2020csb1113 cs301 Pending Advisor apprval 
2020csb1113 cs301 Pending Advisor apprval 
2020csb1113 cs301 Pending Advisor apprval 
2020csb1113 cs301 Pending Advisor apprval 
2020csb1113 cs301 Pending Advisor apprval 
2020csb1113 cs301 Pending Advisor apprval 
2020csb1113 cs301 Pending Advisor apprval 
2020csb1113 cs301 Pending Advisor apprval 
2020csb1113 cs301 Pending Advisor apprval 
2020csb1113 cs301 Pending Advisor apprval 
2020csb1113 cs301 Pending Advisor apprval 
2020csb1113 cs301 Pending Advisor apprval 
2020csb1113 cs301 Pending Advisor apprval 
2020csb1113 cs301 Pending Advisor apprval 
2020csb1113 cs301 Pending Advisor apprval 
2020csb1113 cs301 Pending Advisor apprval 
2020csb1113 cs301 Pending Advisor apprval 
2020csb1113 cs301 Pending Advisor apprval 
2020csb1113 cs301 Pending Advisor apprval 
2020csb1113 cs301 Pending Advisor apprval 
2020csb1113 cs301 Pending Advisor apprval 
2020csb1113 cs301 Pending Advisor apprval 
2020csb1113 cs301 Pending Advisor apprval 
2020csb1113 cs301 Pending Advisor apprval 
2020csb1113 cs301 Pending Advisor apprval 
2020csb1113 cs301 Pending Advisor apprval 
2020csb1113 cs301 Pending Advisor apprval 
Enter 1 to approve all 
Enter 2 to approve a particular year students 
enter 3 to approve a specific student 
enter year 
update approve_students set approval_status ='Pending Advisor apprval' where  entry_no like '2020%'and course_code ='cs301'
 Approved successfully
 Approved successfully
Enter 1 to view grades of a student: 
Enter 2  for register/derigister for a course  
Enter 3 to update marks of students 
Enter 4 to approve elective course students  
Enter 5 to go the previous menu 
Enter the course code for to see the list of students
2020csb1113 cs301 Pending Advisor apprval 
2020csb1113 cs301 Pending Advisor apprval 
2020csb1113 cs301 Pending Advisor apprval 
2020csb1113 cs301 Pending Advisor apprval 
2020csb1113 cs301 Pending Advisor apprval 
2020csb1113 cs301 Pending Advisor apprval 
2020csb1113 cs301 Pending Advisor apprval 
2020csb1113 cs301 Pending Advisor apprval 
2020csb1113 cs301 Pending Advisor apprval 
2020csb1113 cs301 Pending Advisor apprval 
2020csb1113 cs301 Pending Advisor apprval 
2020csb1113 cs301 Pending Advisor apprval 
2020csb1113 cs301 Pending Advisor apprval 
2020csb1113 cs301 Pending Advisor apprval 
2020csb1113 cs301 Pending Advisor apprval 
2020csb1113 cs301 Pending Advisor apprval 
2020csb1113 cs301 Pending Advisor apprval 
2020csb1113 cs301 Pending Advisor apprval 
2020csb1113 cs301 Pending Advisor apprval 
2020csb1113 cs301 Pending Advisor apprval 
2020csb1113 cs301 Pending Advisor apprval 
2020csb1113 cs301 Pending Advisor apprval 
2020csb1113 cs301 Pending Advisor apprval 
2020csb1113 cs301 Pending Advisor apprval 
2020csb1113 cs301 Pending Advisor apprval 
2020csb1113 cs301 Pending Advisor apprval 
2020csb1113 cs301 Pending Advisor apprval 
2020csb1113 cs301 Pending Advisor apprval 
2020csb1113 cs301 Pending Advisor apprval 
2020csb1113 cs301 Pending Advisor apprval 
2020csb1113 cs301 Pending Advisor apprval 
2020csb1113 cs301 Pending Advisor apprval 
Enter 1 to approve all 
Enter 2 to approve a particular year students 
enter 3 to approve a specific student 
update approve_students set approval_status ='Pending Advisor apprval' where course_code ='cs301'
 Approved successfully
Enter 1 to view grades of a student: 
Enter 2  for register/derigister for a course  
Enter 3 to update marks of students 
Enter 4 to approve elective course students  
Enter 5 to go the previous menu 
Enter 1 to go to login Page.
Enter 2 to go to previous menu. 
2
*************************Welcome to aims portal !!! *******************************
Enter 1 for Student Login ...
Enter 2 for Instructor Login...
Enter 3 for Academics Login ...
Enter 4 to go to previous menu ...
4
*************************Welcome to aims portal !!! *******************************
Enter 1 for Student Login ...
Enter 2 for Instructor Login...
Enter 3 for Academics Login ...
Enter 4 to go to previous menu ...
2
Enter 1 to go to login Page.
Enter 2 to go to previous menu. 
1

Enter your email address

Enter your password

Email does not exist 
Enter 1 to go to login Page.
Enter 2 to go to previous menu. 
2
*************************Welcome to aims portal !!! *******************************
Enter 1 for Student Login ...
Enter 2 for Instructor Login...
Enter 3 for Academics Login ...
Enter 4 to go to previous menu ...
4
*************************Welcome to aims portal !!! *******************************
Enter 1 for Student Login ...
Enter 2 for Instructor Login...
Enter 3 for Academics Login ...
Enter 4 to go to previous menu ...
2
Enter 1 to go to login Page.
Enter 2 to go to previous menu. 
1

Enter your email address

Enter your password

******************Incorrect Password**************************
Enter 1 to go to login Page.
Enter 2 to go to previous menu. 
2
*************************Welcome to aims portal !!! *******************************
Enter 1 for Student Login ...
Enter 2 for Instructor Login...
Enter 3 for Academics Login ...
Enter 4 to go to previous menu ...
4
]]></system-out>
  <system-err><![CDATA[]]></system-err>
</testsuite>
